<?xml version="1.0" encoding="UTF-8"?>

<mule xmlns:sfdc="http://www.mulesoft.org/schema/mule/sfdc" xmlns:db="http://www.mulesoft.org/schema/mule/db"
	xmlns="http://www.mulesoft.org/schema/mule/core" xmlns:doc="http://www.mulesoft.org/schema/mule/documentation" xmlns:spring="http://www.springframework.org/schema/beans"  xmlns:xsi="http://www.w3.org/2001/XMLSchema-instance" xsi:schemaLocation="http://www.mulesoft.org/schema/mule/db http://www.mulesoft.org/schema/mule/db/current/mule-db.xsd
http://www.springframework.org/schema/beans http://www.springframework.org/schema/beans/spring-beans-current.xsd
http://www.mulesoft.org/schema/mule/core http://www.mulesoft.org/schema/mule/core/current/mule.xsd
http://www.mulesoft.org/schema/mule/sfdc http://www.mulesoft.org/schema/mule/sfdc/current/mule-sfdc.xsd">
    <sub-flow name="insertSalesforceAccountSubFlow" doc:name="insertSalesforceAccountSubFlow">
        <sfdc:upsert config-ref="Salesforce" externalIdFieldName="Id" type="Account" doc:name="Insert Account">
     		<sfdc:objects>
                <sfdc:object>
                    <sfdc:inner-object key="AccountNumber">#[payload.AccountNumber]</sfdc:inner-object>
                    <sfdc:inner-object key="Phone">#[payload.Phone]</sfdc:inner-object>
                    <sfdc:inner-object key="Industry">#[payload.Industry]</sfdc:inner-object>
                    <sfdc:inner-object key="Name">#[payload.Name]</sfdc:inner-object>
                </sfdc:object>
	        </sfdc:objects> 
        </sfdc:upsert>
    </sub-flow>
    <sub-flow name="deleteAccountFromDB" doc:name="deleteAccountFromDB">
        <db:delete config-ref="GenericDatabaseConnector" doc:name="Database">
            <db:parameterized-query><![CDATA[delete from Account where name = #[payload.Name]]]></db:parameterized-query>
        </db:delete>
    </sub-flow>    
    <sub-flow name="selectAccountFromDB" doc:name="selectAccountFromDB">
        <db:select config-ref="GenericDatabaseConnector" doc:name="Database">
            <db:template-query-ref name="QueryAccount"/>
            <db:in-param name="paramName" value="#[payload.Name]"/>
        </db:select>
    </sub-flow>
	<sub-flow name="deleteAccountFromSalesforce" doc:name="deleteAccountFromSalesforce">
		<sfdc:delete config-ref="Salesforce" doc:name="Salesforce">
			<sfdc:ids ref="#[payload]" />
		</sfdc:delete>
		<logger level="INFO" message="Remove Account from Salesforce result: #[payload]" doc:name="Logger"/>
	</sub-flow>
</mule>
